Generating all hands...
Done generating all hands, traning now...
Epoch: 0
One test loss: 5.830585151910782
[0.08419925 0.13209397 0.06202805 0.10165149 0.03621766 0.09991711
 0.05004951 0.0928202  0.13106844 0.05088025 0.0962249  0.07094678
 0.04500112 0.07694286 0.15665123 0.06558144 0.12727672 0.03635481
 0.09207201 0.09001556 0.07476836 0.07682931 0.11627668 0.10250291
 0.0592137  0.09651986 0.04702288 0.04007658 0.0897609  0.06291968
 0.08194876 0.10749668 0.06620494 0.04233825 0.02901238 0.09843874
 0.06298903 0.04469255 0.07991594 0.15745339 0.11988604 0.04796615
 0.07154137 0.06489196 0.09017986 0.1237399  0.04911026 0.05439106
 0.08493677 0.11076456 0.10694692 0.10444185]
Total loss 53.81458383798599
Total loss 50.01756342663248
Total loss 46.312467054088074
Total loss 45.06210340139705
Total loss 41.33374925695206
Total loss 39.11390576727561
Total loss 38.44143664715452
Total loss 35.0237336275988
Total loss 33.882334752324454
Total loss 34.40384741154529
Epoch: 10
Total loss 33.55438958433197
Total loss 28.79824318269064
Total loss 39.63972620868461
Total loss 37.06370859609403
Total loss 34.812863018596275
Total loss 39.32984503361918
Total loss 35.70720526690198
Total loss 30.114905955353528
Total loss 32.7725697512237
Total loss 33.586088047275894
Epoch: 20
Total loss 26.043038609845777
Total loss 32.96773829803764
Total loss 36.60769573890515
Total loss 35.21835985587449
Total loss 30.935339524887738
Total loss 33.3937539073452
Total loss 21.1920330174233
Total loss 26.645735788583867
Total loss 31.985677644349526
Total loss 30.12416988217275
Epoch: 30
Total loss 28.51913991526561
Total loss 31.099507674416493
Total loss 34.43210770962404
Total loss 26.847415124606588
Total loss 26.306838937570383
Total loss 25.10104342592381
Total loss 29.615632404271384
Total loss 26.079776811892103
Total loss 28.91555145337876
Total loss 31.439234891837266
Epoch: 40
Total loss 29.44837922751328
Total loss 28.709317111566257
Total loss 32.53953678193565
Total loss 27.885650490351793
Total loss 28.681258607525482
Total loss 27.497112399835522
Total loss 23.351532090545085
Total loss 25.726202101126077
Total loss 29.18820628390255
Total loss 27.228631332039587
Epoch: 50
One test loss: 3.424928473876043
[1.05813414e-01 5.17054796e-02 2.13399529e-03 2.26771832e-03
 2.53113614e-24 6.02320731e-02 2.64795299e-27 9.14648175e-03
 1.46359801e-02 1.28507614e-04 8.93607736e-03 1.22156150e-31
 4.55467049e-19 1.64633393e-02 1.06374842e-04 1.81088338e-15
 8.59060884e-03 9.09288515e-31 4.49066714e-14 2.26684730e-11
 2.65440345e-02 9.93688374e-22 3.83198261e-04 4.12363879e-05
 5.16349077e-03 4.49906290e-02 1.98068044e-24 3.91140841e-26
 7.02053308e-04 2.19414532e-02 2.07969546e-03 1.29957414e-07
 4.63297963e-03 8.42567431e-36 5.90589941e-02 1.16432602e-04
 1.39407007e-06 7.54081607e-02 3.20318639e-02 2.43650675e-01
 8.28833342e-01 6.44847751e-03 3.86973023e-02 3.03519070e-02
 6.20067876e-05 8.93751348e-05 1.62543672e-27 1.26223564e-02
 1.28403902e-02 1.99726224e-03 2.10632521e-07 1.11171603e-02]
Total loss 31.294824824400745
Total loss 24.239584828018504
Total loss 28.451283878812056
Total loss 27.17775807427587
Total loss 25.506254038531566
Total loss 24.639134865357054
Total loss 24.961786198417887
Total loss 26.94418675728163
Total loss 25.126272013762105
Total loss 26.934056077690677
Epoch: 60
Total loss 21.579291238660915
Total loss 32.98761030528996
Total loss 28.841955458068927
Total loss 24.17256360435787
Total loss 28.48493657791808
Total loss 26.993792385520468
Total loss 26.259752365454606
Total loss 28.617167263324504
Total loss 21.998800779485148
Total loss 25.33920052814247
Epoch: 70
Total loss 23.025637315725287
Total loss 24.008272786964568
Total loss 24.488924559153844
Total loss 25.461227993128205
Total loss 29.041072162097088
Total loss 29.335912998582586
Total loss 26.713448789557248
Total loss 25.41527011915683
Total loss 22.566985363753815
Total loss 24.04951366529539
Epoch: 80
Total loss 21.35624917419475
Total loss 22.78572861469128
Total loss 25.659681125597725
Total loss 27.34445294235634
Total loss 26.814227027555248
Total loss 18.70896434944961
Total loss 21.956353824813338
Total loss 21.573345761019457
Total loss 21.246320862023016
Total loss 22.36373103146891
Epoch: 90
Total loss 22.957877514102673
Total loss 21.959736154953852
Total loss 26.01657327740937
Total loss 24.277064340911103
Total loss 26.821913689775055
Total loss 21.417940152941835
Total loss 26.831627928121268
Total loss 22.737469104340537
Total loss 19.357517076731376
Total loss 22.199389026131882
Epoch: 100
One test loss: 2.846249325471781
[2.22123772e-01 1.94366604e-01 5.48243523e-04 4.74189710e-06
 0.00000000e+00 8.53854418e-03 0.00000000e+00 2.18590831e-05
 1.05664134e-03 9.61902444e-18 7.95444846e-03 0.00000000e+00
 0.00000000e+00 1.11439228e-02 1.42042614e-13 6.25205919e-33
 5.47403097e-03 0.00000000e+00 0.00000000e+00 0.00000000e+00
 4.00313139e-02 0.00000000e+00 1.59204228e-05 7.45754005e-06
 7.68393278e-04 2.73972750e-03 0.00000000e+00 0.00000000e+00
 2.24977732e-04 1.20607346e-08 1.02218844e-04 1.25938290e-14
 3.25769186e-04 0.00000000e+00 4.69574332e-03 8.48608693e-07
 7.40867701e-10 5.83666563e-03 2.17710435e-02 1.84112906e-01
 8.15290809e-01 8.69709253e-03 1.91423893e-02 2.68388689e-02
 4.83124873e-09 9.04411172e-06 0.00000000e+00 4.35996056e-03
 8.22824836e-02 6.02683425e-03 4.00407193e-19 4.71678376e-03]
Total loss 21.508189362423433
Total loss 26.815073709732967
Total loss 21.955788293882524
Total loss 25.021437168402052
Total loss 30.96802194771229
Total loss 19.190953042799045
Total loss 20.882726361244636
Total loss 20.781012025202006
Total loss 21.31027212239334
Total loss 25.53752092794727
Epoch: 110
Total loss 22.114658894774617
Total loss 21.068710009232934
Total loss 22.402395130079114
Total loss 18.711129570968353
Total loss 24.31753526489409
Total loss 25.954042817119326
Total loss 20.20752371965301
Total loss 19.072859098326877
Total loss 21.940199011246335
Total loss 18.425312104103664
Epoch: 120
Total loss 20.764934189487278
Total loss 18.352362119805864
Total loss 23.13400104849646
Total loss 27.191365674689525
Total loss 22.73691154730836
Total loss 27.81448640214069
Total loss 24.01038173652518
Total loss 23.65373872300039
Total loss 25.546115408489637
Total loss 21.512360972928548
Epoch: 130
Total loss 22.649292938574312
Total loss 22.241945538041765
Total loss 23.5469491824445
Total loss 22.52484162488803
Total loss 25.009899414731187
Total loss 23.92784201549028
Total loss 20.622409450175816
Total loss 24.371995818232556
Total loss 24.463052401035917
Total loss 22.140141298466503
Epoch: 140
Total loss 25.810932861763597
Total loss 19.55881369949725
Total loss 23.47529061677266
Total loss 23.224394891739955
Total loss 24.04282164549294
Total loss 18.795646458005425
Total loss 23.737171967904885
Total loss 20.682673343946128
Total loss 25.286510491939453
Total loss 23.1668110104338
Epoch: 150
One test loss: 2.545533531352913
[4.6001574e-01 3.2877868e-01 1.1620522e-03 3.1620427e-06 0.0000000e+00
 7.1135163e-04 0.0000000e+00 4.3099868e-07 4.1484833e-04 4.3385687e-30
 1.4636219e-03 0.0000000e+00 0.0000000e+00 1.2990445e-02 7.2471543e-17
 0.0000000e+00 1.2546182e-03 0.0000000e+00 0.0000000e+00 0.0000000e+00
 3.3956081e-02 0.0000000e+00 1.4087264e-05 1.4115727e-06 1.3435185e-03
 8.0680847e-04 0.0000000e+00 0.0000000e+00 4.4730306e-04 9.3236610e-15
 1.5603571e-06 7.8246056e-16 3.4573194e-08 0.0000000e+00 3.6404969e-11
 8.2772465e-07 3.3069324e-17 5.9787929e-03 4.0533692e-02 2.4383128e-01
 8.9387763e-01 2.6741922e-03 1.3725400e-02 2.0207465e-02 4.7544886e-16
 1.3074973e-06 0.0000000e+00 7.1710348e-04 5.2810818e-02 3.6075711e-03
 4.9810296e-30 1.7905533e-03]
Total loss 20.708077989553974
Total loss 21.68264686481323
Total loss 28.21034621420958
Total loss 26.43823407824504
Total loss 26.632660528245474
Total loss 20.2948217646074
Total loss 27.300938582897558
Total loss 20.503412107149465
Total loss 19.844605027731575
Total loss 20.226128812188346
Epoch: 160
Total loss 23.15465149141386
Total loss 25.297137981718656
Total loss 18.107343366076666
Total loss 19.66304557564107
Total loss 20.27429691122256
Total loss 22.893252303451636
Total loss 24.947706398204996
Total loss 21.311730253541093
Total loss 24.781402740365234
Total loss 21.228697144462316
Epoch: 170
Total loss 22.199405501765614
Total loss 26.038773506690525
Total loss 24.63726949174066
Total loss 18.65981546731069
Total loss 17.89184025189311
Total loss 20.730682751386922
Total loss 26.929289348445746
Total loss 23.234617177774993
Total loss 21.834426228096472
Total loss 19.95210274906264
Epoch: 180
Total loss 22.86370708557615
Total loss 19.069637658355838
Total loss 24.002902423174664
Total loss 19.30539128245382
Total loss 21.960099788435194
Total loss 21.651172778518568
Total loss 17.55821304592161
Total loss 21.031153764230062
Total loss 23.343031237289786
Total loss 24.456293976141765
Epoch: 190
Total loss 24.369268491072184
Total loss 23.94978099305934
Total loss 23.726028130622527
Total loss 27.84847918203727
Total loss 22.816020253708572
Total loss 22.492483684159446
Total loss 18.774853486884176
Total loss 20.91181175786693
Total loss 24.11515767790045
Total loss 20.551468372416167
Epoch: 200
One test loss: 2.159174772627117
[4.3870658e-01 5.2717429e-01 8.6824087e-07 1.4631920e-05 0.0000000e+00
 5.4407120e-04 0.0000000e+00 2.8621432e-06 1.7663836e-04 2.8039041e-24
 4.4525266e-03 0.0000000e+00 0.0000000e+00 5.3038001e-03 4.1891140e-19
 0.0000000e+00 7.3477626e-04 0.0000000e+00 0.0000000e+00 0.0000000e+00
 1.7685145e-02 0.0000000e+00 8.5352518e-08 4.5622041e-06 5.3420663e-04
 5.8749318e-04 0.0000000e+00 0.0000000e+00 3.6594836e-06 1.7037133e-15
 1.9520121e-07 4.6571248e-16 5.8289810e-11 0.0000000e+00 1.3411719e-17
 6.7795918e-07 9.9462989e-20 1.9820631e-03 1.2685850e-01 6.3802779e-02
 8.4332657e-01 4.7858655e-03 5.9795082e-03 1.3797998e-02 5.8936449e-18
 2.9948627e-05 0.0000000e+00 8.0260634e-04 2.0973593e-02 9.6783340e-03
 4.6861141e-33 2.9916763e-03]
Total loss 16.20968236636772
Total loss 22.486400334759992
Total loss 26.67040876456346
Total loss 19.59435113575184
Total loss 20.001107464549833
Total loss 21.782032671562593
Total loss 24.799743845843683
Total loss 16.237206546130455
Total loss 20.315649901483642
Total loss 24.009712534896366
Epoch: 210
Total loss 27.180206577482043
Total loss 19.95060559471326
Total loss 22.847559358750807
Total loss 25.471366410185606
Total loss 23.72747784909942
Total loss 25.698169058320033
Total loss 22.52622879379606
Total loss 21.479944701634317
Total loss 19.851161805701825
Total loss 22.040290734950737
Epoch: 220
Total loss 24.21887267872338
Total loss 19.773182568159083
Total loss 20.682538243779966
Total loss 26.973569246194664
Total loss 20.32034028997449
Total loss 21.771983211065717
Total loss 16.497966018120884
Total loss 22.106945641011244
Total loss 22.729631250287078
Total loss 18.460935473495553
Epoch: 230
Total loss 21.512485144804874
Total loss 21.558140149246206
Total loss 20.834958388382116
Total loss 17.91695893620345
Total loss 21.557955069695232
Total loss 20.811885843887534
Total loss 23.9237156315195
Total loss 19.031415461013363
Total loss 21.06405566419718
Total loss 15.315601697636696
Epoch: 240
Total loss 21.624361746497772
Total loss 18.69375870250804
Total loss 19.076513783611766
Total loss 19.891611933756174
Total loss 22.66811342823355
Total loss 21.92238255801854
Total loss 21.730252797743763
Total loss 25.88425961539759
Total loss 16.078396268155483
Total loss 16.897791955704918
Epoch: 250
One test loss: 1.777265975989786
[8.2849801e-01 6.0141647e-01 4.3407110e-12 4.4277181e-06 0.0000000e+00
 3.4785271e-04 0.0000000e+00 3.5509734e-07 1.3202429e-04 8.0162296e-27
 2.6879013e-03 0.0000000e+00 0.0000000e+00 6.3148737e-03 1.5965631e-23
 0.0000000e+00 7.0613623e-04 0.0000000e+00 0.0000000e+00 0.0000000e+00
 1.1389613e-02 0.0000000e+00 3.0702357e-10 2.5062122e-06 1.4784336e-03
 1.9985437e-03 0.0000000e+00 0.0000000e+00 1.5361835e-06 1.2951635e-14
 1.7597111e-07 2.4137340e-17 2.6766228e-12 0.0000000e+00 6.0742089e-20
 3.8932882e-07 1.4703258e-20 8.4224343e-04 1.6853040e-01 9.6260667e-02
 8.6657614e-01 4.5245588e-03 2.1228194e-03 5.6595206e-03 9.1496216e-19
 1.1616890e-05 0.0000000e+00 5.5862525e-05 3.2176524e-02 4.1676164e-03
 4.2931495e-36 1.1877120e-03]
Total loss 18.20726946270427
Total loss 19.30822412067468
Total loss 18.744193011385885
Total loss 20.894404496533895
Total loss 21.93852371354625
Total loss 18.999951425711632
Total loss 18.13642939332402
Total loss 21.72703427065359
Total loss 16.248039873791605
Total loss 21.62757018990049
Epoch: 260
Total loss 20.968675382726676
Total loss 23.11341564162123
Total loss 18.83028412026474
Total loss 22.57160728894837
Total loss 21.291455533826422
Total loss 23.602269345278515
Total loss 19.61994383731348
Total loss 21.53520700773636
Total loss 19.033412959680973
Total loss 20.310060637480195
Epoch: 270
Total loss 21.945773182246974
Total loss 19.979073022155806
Total loss 24.1458443559059
Total loss 19.860792372673192
Total loss 20.076053749618676
Total loss 27.761775240663958
Total loss 22.013756323424168
Total loss 23.38723842866199
Total loss 21.186047199490744
Total loss 18.75138931800901
Epoch: 280
Total loss 22.238282315884348
Total loss 22.173786295903266
Total loss 18.654034305092516
Total loss 21.159148134945113
Total loss 20.966646522898834
Total loss 23.86041162521379
Total loss 22.15608190168666
Total loss 21.77156871557322
Total loss 19.97351350251961
Total loss 21.9391412506938
Epoch: 290
Total loss 17.610955939753044
Total loss 19.111786078420153
Total loss 22.355673993136328
Total loss 18.905061431974914
Total loss 21.493102925048547
Total loss 17.553428593712173
Total loss 18.286910762724258
Total loss 20.386801269397697
Total loss 21.86333533147343
Total loss 17.864037043082572
Epoch: 300
One test loss: 1.6433113882857937
[8.84870529e-01 7.61181831e-01 1.69138686e-19 2.12960686e-06
 0.00000000e+00 2.68012285e-04 0.00000000e+00 2.03961434e-08
 2.48987799e-05 2.66635024e-27 4.69261408e-03 0.00000000e+00
 0.00000000e+00 4.19521332e-03 3.29885798e-31 0.00000000e+00
 4.51982021e-04 0.00000000e+00 0.00000000e+00 0.00000000e+00
 8.26424360e-03 0.00000000e+00 8.47878212e-09 1.71682154e-06
 1.64762139e-03 4.61575389e-03 0.00000000e+00 0.00000000e+00
 6.94953851e-05 2.47578162e-13 2.77409612e-07 1.51636844e-20
 3.16439608e-15 0.00000000e+00 1.43731275e-20 9.51117869e-08
 1.99763398e-22 4.53757784e-05 2.81316400e-01 1.24741435e-01
 8.30107808e-01 3.07527184e-03 3.37672234e-03 1.91119313e-03
 3.94065249e-21 1.12436810e-05 0.00000000e+00 4.74608933e-05
 1.75100565e-02 2.13444233e-03 0.00000000e+00 8.52257013e-04]
Total loss 19.252896259460204
Total loss 23.048806857916222
Total loss 17.32737261158512
Total loss 18.301364694346233
Total loss 25.2910103194011
Total loss 19.780147347960106
Total loss 19.23772915667965
Total loss 19.869464270541194
Total loss 19.59575660804635
Total loss 18.255774601573204
Epoch: 310
Total loss 12.896733159620922
Total loss 25.436642267687066
Total loss 25.966089278610895
Total loss 21.248933227634314
Total loss 18.254192724438553
Total loss 20.15731845823653
Total loss 19.79758828281727
Total loss 21.059013370908154
Total loss 25.00232877992189
Total loss 22.6306752620179
Epoch: 320
Total loss 18.053872255678023
Total loss 26.24025094117147
Total loss 25.96564963210269
Total loss 18.80180869222795
Total loss 22.76223227508987
Total loss 21.122360014404595
Total loss 21.86677382419913
Total loss 16.45994189998664
Total loss 17.388469932499625
Total loss 21.871385541055197
Epoch: 330
Total loss 17.14684251881926
Total loss 20.251513885518026
Total loss 19.346468001077483
Total loss 24.030107433075855
Total loss 22.36731323703915
Total loss 27.20065482599914
Total loss 23.889553089822776
Total loss 25.0311722542355
Total loss 22.40923145298247
Total loss 20.72881106145525
Epoch: 340
Total loss 24.422238323957714
Total loss 19.076985741343435
Total loss 18.458508469585198
Total loss 22.055732460794815
Total loss 22.86616315958334
Total loss 21.519401325122256
Total loss 20.333494587140027
Total loss 21.88070231530926
Total loss 21.905162756821902
Total loss 14.43939058747538
Epoch: 350
One test loss: 1.5261904824287373
[9.5229882e-01 9.3237871e-01 1.6138777e-26 1.2103103e-06 0.0000000e+00
 1.3220310e-04 0.0000000e+00 1.8036305e-08 1.8386630e-05 2.6018563e-25
 2.3451447e-04 0.0000000e+00 0.0000000e+00 8.3923936e-03 2.0595318e-34
 0.0000000e+00 3.4165382e-04 0.0000000e+00 0.0000000e+00 0.0000000e+00
 6.7798495e-03 0.0000000e+00 1.2717057e-06 6.0021225e-06 3.1909347e-03
 2.9227138e-03 0.0000000e+00 0.0000000e+00 7.5310163e-05 1.4750284e-12
 4.3252510e-07 2.0442733e-22 4.7735680e-17 0.0000000e+00 1.3884974e-19
 3.0623902e-08 5.0905040e-22 3.3101143e-05 3.3836806e-01 1.6994569e-01
 8.4678078e-01 3.6083758e-03 1.5958548e-03 7.3543191e-04 1.0981017e-21
 1.2134569e-05 0.0000000e+00 2.3369013e-05 2.0733118e-02 6.4698160e-03
 0.0000000e+00 4.6536326e-04]
Total loss 19.937641417143972
Total loss 18.409047647289043
Total loss 20.4767163670109
Total loss 21.29771814102013
Total loss 18.178653260776514
Total loss 19.712879810124647
Total loss 22.75391854864987
Total loss 21.52296299231036
Total loss 24.958284131861607
Total loss 22.077077471641594
Epoch: 360
Total loss 20.981665921230604
Total loss 19.2216811959897
Total loss 16.590789715655113
Total loss 16.257958987472833
Total loss 19.602296680952346
Total loss 20.265791306172684
Total loss 24.735966270541827
Total loss 24.118688641288603
Total loss 23.62379325231877
Total loss 18.59733201547689
Epoch: 370
Total loss 18.971205607749216
Total loss 21.07844815603253
Total loss 18.847938009433523
Total loss 19.09274686996624
Total loss 20.920333244727757
Total loss 17.57478340410582
Total loss 15.00614843437156
Total loss 17.561551434439217
Total loss 20.985157653399316
Total loss 19.166335123572047
Epoch: 380
Total loss 19.179881022657483
Total loss 25.566949672179707
Total loss 21.683571659329157
Total loss 24.20629616436645
Total loss 27.473841267633386
Total loss 21.484971655495258
Total loss 17.239334045824613
Total loss 24.201281275365147
Total loss 15.450978090329679
Total loss 21.74120806753167
Epoch: 390
Total loss 23.921233248415692
Total loss 18.18281978504372
Total loss 18.68729892345255
Total loss 18.94649231773031
Total loss 22.36256476825305
Total loss 16.543966603692997
Total loss 14.080989246042698
Total loss 24.192942294718414
Total loss 18.974869339310686
Total loss 26.236823327213834
Epoch: 400
One test loss: 1.2918756938853253
[9.6729463e-01 8.4733927e-01 3.7367755e-28 1.0531606e-06 0.0000000e+00
 1.5354156e-04 0.0000000e+00 1.7251273e-07 1.5166432e-05 3.4644467e-24
 1.2761354e-04 0.0000000e+00 0.0000000e+00 4.5759678e-03 1.9517608e-37
 0.0000000e+00 4.1851401e-04 0.0000000e+00 0.0000000e+00 0.0000000e+00
 9.3099475e-03 0.0000000e+00 4.0394843e-06 4.9859241e-06 1.6209781e-03
 1.6094446e-03 0.0000000e+00 0.0000000e+00 8.8207358e-05 5.2136542e-12
 3.5290026e-07 1.0564319e-23 5.6666277e-19 0.0000000e+00 1.0042226e-18
 3.1216413e-08 5.7224470e-22 2.8251305e-05 2.9001486e-01 9.0896785e-02
 6.7551684e-01 5.4083467e-03 2.1168888e-03 2.5883019e-03 1.8753725e-22
 3.0570111e-05 0.0000000e+00 1.8235944e-05 1.7924339e-02 3.5910904e-03
 0.0000000e+00 4.4506788e-04]
Total loss 24.559150888383275
Total loss 20.117548841987272
Total loss 21.42737580065762
Total loss 27.85035233768368
Total loss 16.6808312440471
Total loss 22.900272918932824
Total loss 18.301473501260066
Total loss 22.437965853514115
Total loss 18.912428890691366
Total loss 20.1775077711413
Epoch: 410
Total loss 14.864062481221728
Total loss 16.714515829034912
Total loss 23.123439637882832
Total loss 18.951182256712347
Total loss 19.867411935980865
Total loss 18.849917100261806
Total loss 16.522524044347115
Total loss 18.224524722902594
Total loss 18.88874545204751
Total loss 21.55460969527687
Epoch: 420
Total loss 21.39049726045637
Total loss 19.47022744263257
Total loss 21.00369869729282
Total loss 20.15435915799581
Total loss 19.867568944418117
Total loss 19.209177466907178
Total loss 24.36863653154551
Total loss 20.80443734731928
Total loss 18.764267396405536
Total loss 20.88908691337636
Epoch: 430
Total loss 24.504081370187194
Total loss 19.637992422468642
Total loss 16.56290625055844
Total loss 14.331647370560635
Total loss 15.015258066774248
Total loss 24.41000945711783
Total loss 21.932009791441676
Total loss 18.018240074936138
Total loss 22.677692170089962
Total loss 18.093736530107186
Epoch: 440
Total loss 17.775633996673
Total loss 21.744084497932914
Total loss 24.132848964001525
Total loss 22.58389771720783
Total loss 18.32236023910333
Total loss 28.860558728952427
Total loss 16.64305873137457
Total loss 18.187455633108314
Total loss 20.75911797813992
Total loss 18.606220253398632
Epoch: 450
One test loss: 1.2965258861053608
[9.7876871e-01 9.3494713e-01 6.4324359e-33 1.1569113e-06 0.0000000e+00
 2.8437376e-04 0.0000000e+00 1.1063147e-07 1.1435042e-05 6.4500310e-25
 5.0080813e-05 0.0000000e+00 0.0000000e+00 6.8166554e-03 0.0000000e+00
 0.0000000e+00 7.0247054e-04 0.0000000e+00 0.0000000e+00 0.0000000e+00
 3.1037927e-03 0.0000000e+00 1.4848802e-06 3.8274038e-06 1.4608800e-03
 4.5439601e-04 0.0000000e+00 0.0000000e+00 6.1565450e-05 1.3623094e-11
 2.5039319e-07 6.1239860e-24 7.1428435e-21 0.0000000e+00 2.4169392e-18
 3.4290191e-09 3.5253088e-22 5.4627046e-05 2.5982112e-01 1.2685794e-01
 7.7432352e-01 1.2792945e-02 3.1176507e-03 4.6535134e-03 6.7754323e-23
 1.4140580e-05 0.0000000e+00 1.9402919e-14 1.2594551e-02 2.6808083e-03
 0.0000000e+00 3.7842989e-04]
Total loss 22.38048459816315
Total loss 24.72435644881176
Total loss 19.51122532634551
Total loss 18.67895656515947
Total loss 21.433734296440267
Total loss 16.88423323146712
Total loss 21.342562908103268
Total loss 22.34879097634823
Total loss 20.136013969866777
Total loss 20.906079071268966
Epoch: 460
Total loss 14.352161504383883
Total loss 18.54852016414541
Total loss 23.792414990323305
Total loss 20.858779817591927
Total loss 21.141323749428963
Total loss 19.124564936818114
Total loss 17.697254364045136
Total loss 23.027159394320652
Total loss 17.2127755558545
Total loss 23.50896547163145
Epoch: 470
Total loss 18.71866511835005
Total loss 22.83226767842185
Total loss 20.26577767433743
Total loss 22.234567587080278
Total loss 20.169139762294577
Total loss 17.950344952715685
Total loss 18.8106860121279
Total loss 17.249818689617083
Total loss 14.434665181629812
Total loss 17.584339146080723
Epoch: 480
Total loss 20.31227470896878
Total loss 16.919467988659108
Total loss 16.074698551501083
Total loss 18.519480854407192
Total loss 20.266435793000298
Total loss 19.336910999645372
Total loss 21.221400470509014
Total loss 26.251053372136127
Total loss 22.288095024390454
Total loss 19.56113744653055
Epoch: 490
Total loss 17.98448361092157
Total loss 22.458945757737425
Total loss 17.915000225057394
Total loss 18.63856240957624
Total loss 18.305710055062594
Total loss 20.85229965144065
Total loss 14.711971636871613
Total loss 16.081979660833312
Total loss 17.948655491670777
Total loss 18.15917165981897
Epoch: 500
One test loss: 1.2543444033385216
[9.9245858e-01 9.3090159e-01 6.3759119e-31 2.8732947e-07 0.0000000e+00
 1.2814999e-04 0.0000000e+00 4.3606752e-07 6.9834314e-06 1.7871493e-26
 1.3465064e-05 0.0000000e+00 0.0000000e+00 5.6409836e-03 0.0000000e+00
 0.0000000e+00 1.5347600e-03 0.0000000e+00 0.0000000e+00 0.0000000e+00
 4.3802857e-03 0.0000000e+00 2.9295784e-06 1.6043551e-06 1.2199879e-03
 2.1463633e-04 0.0000000e+00 0.0000000e+00 5.2182593e-05 5.1474415e-12
 4.7156188e-08 6.1095857e-25 8.3832785e-24 0.0000000e+00 6.7870850e-27
 2.0900053e-09 8.7339729e-24 1.7045428e-05 2.4652600e-01 1.3280615e-01
 7.4767822e-01 1.1165559e-02 3.6436915e-03 5.7877600e-03 1.1232486e-25
 1.3914183e-05 0.0000000e+00 2.0481287e-30 1.3128400e-02 3.4714937e-03
 0.0000000e+00 2.6959181e-04]
Total loss 22.30758489466382
Total loss 19.670745779945428
Total loss 17.14183397314953
Total loss 15.160383673490056
Total loss 18.11480891318443
Total loss 18.390639298076202
Total loss 22.23497380399797
Total loss 17.66698109664398
Total loss 15.280295834064209
Total loss 21.32072682921943
Epoch: 510
Total loss 18.592906437727784
Total loss 16.226333357959447
Total loss 15.514908463969661
Total loss 20.90933499980502
Total loss 18.678158273351848
Total loss 20.933066265909957
Total loss 17.17753250362103
Total loss 21.339161133955155
Total loss 22.701659573546497
Total loss 19.158415528804287
Epoch: 520
Total loss 20.88127026901192
Total loss 19.755170539349486
Total loss 16.384681767250523
Total loss 18.278185897208832
Total loss 17.28896986457905
Total loss 22.620844582468234
Total loss 17.832812678822542
Total loss 21.49411748045102
Total loss 21.786951163868846
Total loss 22.469564600103123
Epoch: 530
Total loss 19.771670415513892
Total loss 15.59184213822398
Total loss 23.019009291161133
Total loss 18.803320345860854
Total loss 20.363750108982572
Total loss 15.136288835416096
Total loss 21.66136495014395
Total loss 24.24532807391831
Total loss 17.690494133959938
Total loss 19.514489735426462
Epoch: 540
Total loss 23.016071732017163
Total loss 21.103162616425138
Total loss 18.714413067999196
Total loss 23.25217000599485
Total loss 18.302064234261444
Total loss 16.926153648893752
Total loss 18.859605366930424
Total loss 15.236101112491044
Total loss 18.937438667623887
Total loss 15.23021571212034
Epoch: 550
One test loss: 1.258755881281888
[8.9662719e-01 9.6699905e-01 1.3785313e-29 2.3257954e-07 0.0000000e+00
 9.9654593e-05 0.0000000e+00 5.1278761e-07 1.0943835e-05 5.1972178e-25
 4.5427823e-05 0.0000000e+00 0.0000000e+00 3.9182305e-03 0.0000000e+00
 0.0000000e+00 1.9738078e-03 0.0000000e+00 0.0000000e+00 0.0000000e+00
 3.1081438e-03 0.0000000e+00 4.8505490e-06 3.3126580e-06 3.6001205e-04
 1.1906068e-06 0.0000000e+00 0.0000000e+00 5.2524098e-05 1.8646389e-12
 2.8449115e-08 7.8689605e-25 1.8940770e-25 0.0000000e+00 7.2702844e-37
 1.5928302e-09 5.0007881e-24 6.9828789e-06 4.2956492e-01 8.9352638e-02
 5.5018789e-01 9.2926919e-03 5.0920844e-03 1.0200083e-02 2.0435966e-28
 1.5993346e-05 0.0000000e+00 0.0000000e+00 1.6755253e-02 2.0430982e-03
 0.0000000e+00 2.9161572e-04]
Total loss 19.215153480486943
Total loss 13.081867573271744
Total loss 19.80234190388241
Total loss 18.176067622255278
Total loss 20.631092544769672
Total loss 21.777776747167678
Total loss 17.74468537529097
Total loss 17.291412609209804
Total loss 20.776499436455595
Total loss 16.79407288473334
Epoch: 560
Total loss 28.545073443234255
Total loss 21.99523217045549
Total loss 23.40570798826281
Total loss 23.717951393111775
Total loss 17.55273887234351
Total loss 18.677942955073895
Total loss 17.727447223723225
Total loss 14.945374225213728
Total loss 16.363078185010902
Total loss 18.644835864055963
Epoch: 570
Total loss 15.37193477678041
Total loss 20.157303788434476
Total loss 19.7093451991028
Total loss 18.252026073457724
Total loss 18.026695268701385
Total loss 17.618584849045448
Total loss 18.496829311086845
Total loss 15.715506554143222
Total loss 21.56692738615336
Total loss 16.353682427202244
Epoch: 580
Total loss 21.143102006631228
Total loss 16.68655177887183
Total loss 15.102234481794007
Total loss 16.944270035918677
Total loss 18.618742919007307
Total loss 20.219158643849386
Total loss 19.232457192784906
Total loss 17.780109400541555
Total loss 20.834276131663984
Total loss 20.18018338001697
Epoch: 590
Total loss 20.314521515927783
Total loss 15.343332318478208
Total loss 21.478477087682098
Total loss 24.043806348892705
Total loss 17.52930285476241
Total loss 14.990881796692577
Total loss 20.92527439967186
Total loss 25.19281342270193
Total loss 17.263101927060436
Total loss 19.757553312327254
Epoch: 600
One test loss: 1.4505278174407974
[8.97289991e-01 9.77792501e-01 1.58712088e-30 1.13546584e-07
 0.00000000e+00 5.92814940e-05 0.00000000e+00 1.79527404e-07
 2.71206954e-06 2.09619109e-26 2.19035101e-05 0.00000000e+00
 0.00000000e+00 3.99491191e-03 0.00000000e+00 0.00000000e+00
 1.03926659e-03 0.00000000e+00 0.00000000e+00 0.00000000e+00
 1.57907605e-03 0.00000000e+00 2.82873361e-06 1.49871858e-06
 4.91797924e-04 3.42257174e-08 0.00000000e+00 0.00000000e+00
 2.97164170e-05 3.26293083e-13 1.57282738e-08 9.56640033e-26
 3.17903056e-26 0.00000000e+00 0.00000000e+00 4.42550108e-10
 1.84432465e-24 5.69663507e-06 4.54702348e-01 1.18333727e-01
 6.97801292e-01 1.45195127e-02 5.51301241e-03 9.39065218e-03
 3.91951044e-30 2.31576960e-05 0.00000000e+00 0.00000000e+00
 1.58149302e-02 2.18671560e-03 0.00000000e+00 9.59294266e-05]
Total loss 20.3423146805092
Total loss 18.77893480015993
Total loss 19.29890678681312
Total loss 22.723331102354045
Total loss 19.95910701133719
Total loss 23.27524929341901
Total loss 20.90570280692991
Total loss 15.590565066038431
Total loss 23.101349983457194
Total loss 23.19549365679448
Epoch: 610
Total loss 20.938005840667238
Total loss 21.874567165846027
Total loss 14.705954535765272
Total loss 18.458603457353206
Total loss 16.415789902601748
Total loss 22.12489569421357
Total loss 18.84825425153221
Total loss 22.111030472787988
Total loss 20.9327757622718
Total loss 16.687048947720957
Epoch: 620
Total loss 15.900768436014618
Total loss 20.907716242105355
Total loss 21.644549535868645
Total loss 21.69465360313758
Total loss 18.826768157781757
Total loss 23.648643229689064
Total loss 16.278419402775874
Total loss 20.40498257378397
Total loss 16.262010694936187
Total loss 19.334780855806496
Epoch: 630
Total loss 15.640294551466683
Total loss 14.848441219936962
Total loss 17.684080127353564
Total loss 18.175584745655684
Total loss 18.786911025856394
Total loss 19.795501360200383
Total loss 23.529474321041203
Total loss 17.59361542137193
Total loss 21.22537510324987
Total loss 16.260408052373215
Epoch: 640
Total loss 19.55906650503454
Total loss 18.42427965624995
Total loss 20.41395091347348
Total loss 21.04598759769727
Total loss 24.62698009393241
Total loss 21.931057114705077
Total loss 22.0967748068138
Total loss 19.607367887156503
Total loss 18.30736849595088
Total loss 17.696608062301983
Epoch: 650
One test loss: 1.319759972317139
[9.4434774e-01 9.7806990e-01 2.2439785e-30 7.7800671e-08 0.0000000e+00
 6.1262297e-05 0.0000000e+00 1.1971028e-07 3.6291947e-06 1.8340787e-27
 8.2676579e-06 0.0000000e+00 0.0000000e+00 4.5901537e-03 0.0000000e+00
 0.0000000e+00 2.0131171e-03 0.0000000e+00 0.0000000e+00 0.0000000e+00
 1.7143786e-03 0.0000000e+00 4.6168052e-06 2.7606275e-06 3.9333105e-04
 7.2715181e-11 0.0000000e+00 0.0000000e+00 5.9597969e-05 8.7847354e-15
 4.8682121e-09 6.5761639e-26 1.5250487e-25 0.0000000e+00 0.0000000e+00
 8.7500085e-10 1.9935669e-24 5.3785643e-06 3.1317523e-01 1.6657239e-01
 7.1427798e-01 9.8667443e-03 5.0747097e-03 4.6456754e-03 7.7427448e-31
 7.8765452e-06 0.0000000e+00 0.0000000e+00 1.7652065e-02 1.9335747e-03
 0.0000000e+00 1.1466509e-04]
Total loss 22.64335253287425
Total loss 23.689775751452878
Total loss 20.347866970725374
Total loss 15.0468111923317
Total loss 20.51707153116013
Total loss 21.618755316056912
Total loss 20.13438826058232
Total loss 17.905037942780385
Total loss 14.771370873924546
Total loss 15.247092563433252
Epoch: 660
Total loss 21.941057924933432
Total loss 22.320482465651637
Total loss 21.98905437411767
Total loss 20.50368408067266
Total loss 13.845132436611976
Total loss 20.84563463244456
Total loss 17.71200362042479
Total loss 20.726773725131473
Total loss 17.235950194743324
Total loss 21.98125883794699
Epoch: 670
Total loss 13.323766271655101
Total loss 19.327651983088177
Total loss 13.75621051558926
Total loss 19.09818450064638
Total loss 21.44333993260896
Total loss 18.26508688339544
Total loss 17.06818927752408
Total loss 21.2564341140338
Total loss 18.46237410491853
Total loss 20.592767062625732
Epoch: 680
Total loss 13.389860318547939
Total loss 18.816958088429985
Total loss 12.27816367421506
Total loss 16.85801459180149
Total loss 20.416123717729565
Total loss 14.829515527027882
Total loss 21.084960823477054
Total loss 18.678060668467626
Total loss 24.22599773304706
Total loss 21.477929606224276
Epoch: 690
Total loss 14.656474940395894
Total loss 15.179998672486073
Total loss 16.05068796507317
Total loss 13.473166416021035
Total loss 14.225284507350713
Total loss 19.382029670191216
Total loss 18.0010012789435
Total loss 15.828491110161163
Total loss 18.378662954913466
Total loss 19.747127085842283
Epoch: 700
One test loss: 1.2953779103305343
[9.40613270e-01 9.64658976e-01 9.61034604e-30 1.11331069e-07
 0.00000000e+00 6.07309667e-05 0.00000000e+00 3.67608294e-07
 4.04947423e-06 7.45318788e-27 2.10705675e-05 0.00000000e+00
 0.00000000e+00 6.23434782e-03 0.00000000e+00 0.00000000e+00
 9.95159149e-04 0.00000000e+00 0.00000000e+00 0.00000000e+00
 1.72692537e-03 0.00000000e+00 3.18471325e-06 4.03292142e-06
 2.70009041e-04 5.30300456e-12 0.00000000e+00 0.00000000e+00
 3.45009175e-05 3.15528349e-15 5.85985438e-09 2.76198969e-26
 6.95793314e-26 0.00000000e+00 0.00000000e+00 1.09879561e-09
 3.73954754e-25 1.01496853e-05 4.22621906e-01 1.10718042e-01
 6.17168367e-01 1.85141563e-02 3.84762883e-03 5.68133593e-03
 4.56396004e-33 1.81986070e-05 0.00000000e+00 0.00000000e+00
 1.07681155e-02 1.88174844e-03 0.00000000e+00 6.60111691e-05]
Total loss 17.456211462393863
Total loss 20.503981557245968
Total loss 18.72924982878826
Total loss 18.105780704024287
Total loss 20.311224381171527
Total loss 18.22950894818586
Total loss 17.85020757892184
Total loss 19.29184259527301
Total loss 15.246483146925788
Total loss 17.35743914211477
Epoch: 710
Total loss 19.51805474142703
Total loss 21.604094210441932
Total loss 19.389137950805818
Total loss 16.790700162229037
Total loss 20.54893469127719
Total loss 13.789145565879101
Total loss 16.3341745307023
Total loss 18.603073710737643
Total loss 23.695645285822334
Total loss 20.920301836387434
Epoch: 720
Total loss 19.4510482563683
Total loss 17.434824783201037
Total loss 14.944144235733644
Total loss 16.03342846516192
Total loss 17.660685429249646
Total loss 20.720171922147742
Total loss 21.30059348024697
Total loss 20.768230541406467
Total loss 23.928874615922513
Total loss 19.11178384980164
Epoch: 730
Total loss 18.27282743844942
Total loss 19.503904086641047
Total loss 19.202831856175788
Total loss 15.208987640672193
Total loss 21.756961712445314
Total loss 19.3660458641738
Total loss 15.870730356993171
Total loss 17.63821386381287
Total loss 19.77186106347572
Total loss 20.10149634766323
Epoch: 740
Total loss 16.8825970484489
Total loss 20.57220933469231
Total loss 15.07427282135467
Total loss 16.79329451507434
Total loss 19.684392013719723
Total loss 19.157095757876398
Total loss 15.136371492419695
Total loss 13.537157964402226
Total loss 17.311108037292275
Total loss 22.112667008098782
Epoch: 750
One test loss: 1.2198789159643209
[9.7031379e-01 9.9212825e-01 8.3153211e-29 4.5818553e-08 0.0000000e+00
 3.8898001e-05 0.0000000e+00 2.4765427e-07 2.1142516e-06 2.5489997e-27
 1.0580134e-05 0.0000000e+00 0.0000000e+00 3.9105713e-03 0.0000000e+00
 0.0000000e+00 2.1606088e-03 0.0000000e+00 0.0000000e+00 0.0000000e+00
 1.9328296e-03 0.0000000e+00 3.9611309e-06 1.7072310e-06 1.6587973e-04
 2.8723020e-13 0.0000000e+00 0.0000000e+00 5.8401838e-05 2.6186659e-16
 3.0947895e-09 1.3561153e-27 2.0618041e-26 0.0000000e+00 0.0000000e+00
 2.9337885e-10 1.9918240e-26 8.7488670e-06 3.8458708e-01 9.5831722e-02
 6.2706745e-01 3.2408953e-02 6.8549812e-03 6.6566765e-03 7.1736489e-35
 1.0814325e-05 0.0000000e+00 0.0000000e+00 1.9106507e-02 1.4140010e-03
 0.0000000e+00 8.8177585e-05]
Total loss 18.11119701269902
Total loss 15.380750229061835
Total loss 19.27661658351084
Total loss 12.90527433261843
Total loss 20.024827622592735
Total loss 15.896026673501064
Total loss 25.021594133176098
Total loss 18.786938393921577
Total loss 18.479064137086148
Total loss 16.948734505834196
Epoch: 760
Total loss 19.293264417044888
Total loss 20.290285035303913
Total loss 18.54594818675903
Total loss 19.33565590601891
Total loss 16.294115793338907
Total loss 18.579243970118743
Total loss 20.18674135054587
Total loss 19.071163325253416
Total loss 19.95667037891065
Total loss 16.98406619984916
Epoch: 770
Total loss 21.241287741278835
Total loss 18.615608976763497
Total loss 20.13704996816658
Total loss 18.453406571093545
Total loss 17.842024213645878
Total loss 17.59795358104184
Total loss 18.750656551246532
Total loss 19.945002694441204
Total loss 20.79657174189146
Total loss 16.7113150013705
Epoch: 780
Total loss 21.213642910782802
Total loss 22.052853572610587
Total loss 15.881945181826772
Total loss 19.055230737607605
Total loss 17.849171933830647
Total loss 19.06482797733451
Total loss 18.12674960981224
Total loss 18.71154839003888
Total loss 18.432066589578394
Total loss 14.705861581277379
Epoch: 790
Total loss 17.742654406142265
Total loss 17.677950079346687
Total loss 16.88620112690785
Total loss 18.70844190716843
Total loss 15.47558806462096
Total loss 17.64679616593431
Total loss 15.80484903911584
Total loss 17.587167736532425
Total loss 17.804077384319598
Total loss 17.820270839285584
Epoch: 800
One test loss: 1.1683958335460658
[9.0241253e-01 9.7643924e-01 1.1233024e-28 3.8232560e-08 0.0000000e+00
 3.0163432e-05 0.0000000e+00 3.0645333e-07 1.8837551e-06 2.6799111e-28
 5.5375676e-06 0.0000000e+00 0.0000000e+00 4.3538213e-03 0.0000000e+00
 0.0000000e+00 1.5153587e-03 0.0000000e+00 0.0000000e+00 0.0000000e+00
 2.0828545e-03 0.0000000e+00 8.4354597e-06 1.9838576e-06 1.7642975e-04
 5.3539644e-15 0.0000000e+00 0.0000000e+00 6.0505910e-05 1.8519171e-17
 1.1610293e-08 1.7880477e-28 1.0728421e-25 0.0000000e+00 0.0000000e+00
 6.6575312e-10 1.2714818e-26 8.8223042e-06 2.9491574e-01 1.2126368e-01
 5.7904243e-01 1.0792613e-02 4.0317774e-03 7.4901879e-03 1.9266707e-35
 2.8672766e-06 0.0000000e+00 0.0000000e+00 1.9033372e-02 2.3347139e-03
 0.0000000e+00 9.4066265e-05]
Total loss 18.861946237306466
Total loss 18.195977300085083
Total loss 22.418983703976757
Total loss 21.728509670237422
Total loss 21.516584469237237
Total loss 14.463952702663423
Total loss 18.82338782263544
Total loss 22.700216347764343
Total loss 18.045793987196785
Total loss 19.868403338068774
Epoch: 810
Total loss 18.584663599901326
Total loss 18.278522928426213
Total loss 21.004938756502728
Total loss 19.00410019301583
Total loss 14.700350953152084
Total loss 22.51385940133541
Total loss 17.57190482285731
Total loss 17.824642660445505
Total loss 16.131512079391758
Total loss 18.37782750634067
Epoch: 820
Total loss 21.397657530453777
Total loss 22.006983841511236
Total loss 22.32907612382631
Total loss 20.16089531578584
Total loss 21.223672893381263
Total loss 18.191481791283945
Total loss 17.32476906345552
Total loss 16.81286138552693
Total loss 22.375112025278675
Total loss 21.694694595649413
Epoch: 830
Total loss 22.29246537508306
Total loss 14.100115296586669
Total loss 15.86571190694151
Total loss 15.334350081236162
Total loss 21.431649315483085
Total loss 19.272033779736514
Total loss 18.19978318961907
Total loss 17.386927848642415
Total loss 21.29163314368314
Total loss 20.601421052263127
Epoch: 840
Total loss 23.286230452153056
Total loss 19.512686634585954
Total loss 18.100872966823587
Total loss 18.14515082827134
Total loss 18.186270495618786
Total loss 16.709273675561416
Total loss 17.675877293569325
Total loss 19.942848034764907
Total loss 17.07066784799622
Total loss 21.008862939099714
Epoch: 850
One test loss: 1.1423889228245498
[9.8234719e-01 9.9388301e-01 4.2802341e-27 1.7321938e-08 0.0000000e+00
 3.2522199e-05 0.0000000e+00 6.6022119e-07 6.2159717e-07 1.2750553e-28
 7.7733775e-06 0.0000000e+00 0.0000000e+00 5.5698156e-03 0.0000000e+00
 0.0000000e+00 1.0775030e-03 0.0000000e+00 0.0000000e+00 0.0000000e+00
 1.0358691e-03 0.0000000e+00 1.0957725e-05 1.5176379e-06 1.3273954e-04
 1.3439644e-15 0.0000000e+00 0.0000000e+00 7.9882811e-05 3.2070340e-18
 9.1911623e-08 6.0043990e-29 2.2654784e-25 0.0000000e+00 0.0000000e+00
 4.5550477e-10 1.5160622e-27 6.3690773e-06 3.2774603e-01 1.4354214e-01
 5.9519792e-01 1.1666656e-02 4.3025911e-03 9.2175007e-03 3.2172116e-36
 4.1923390e-06 0.0000000e+00 0.0000000e+00 1.7220259e-02 1.6815662e-03
 0.0000000e+00 8.3930303e-05]
Total loss 15.983975316539551
Total loss 17.42875940767526
Total loss 15.795148803508766
Total loss 23.08846435697174
Total loss 17.89899554071506
Total loss 18.127313397275312
Total loss 20.00112581444173
Total loss 21.770125018491107
Total loss 19.85008251833598
Total loss 11.96151181074225
Epoch: 860
Total loss 22.13604988227551
Total loss 20.13338897745271
Total loss 21.811394707878993
Total loss 21.270083198607843
Total loss 20.47036129915467
Total loss 22.113917388574208
Total loss 15.04644834056944
Total loss 18.80155015711228
Total loss 21.28685043949151
Total loss 17.645919715784522
Epoch: 870
Total loss 21.322143778366137
Total loss 25.682046245938675
Total loss 18.783273920900847
Total loss 21.238242936455833
Total loss 17.88570686085702
Total loss 17.042778629935338
Total loss 20.382290456185718
Total loss 22.038676313560746
Total loss 18.827700209091454
Total loss 14.029626665058782
Epoch: 880
Total loss 16.939565802388493
Total loss 17.923904948641123
Total loss 21.329419186200106
Total loss 19.44665622052177
Total loss 17.398658941014673
Total loss 19.152591377819224
Total loss 20.61879534492619
Total loss 16.759850891758028
Total loss 22.659956755080884
Total loss 14.814671160223343
Epoch: 890
Total loss 18.43628854574383
Total loss 20.423679951456858
Total loss 14.600673024740479
Total loss 17.601690189314475
Total loss 19.136951284202514
Total loss 19.42958847941758
Total loss 24.640714206360638
Total loss 14.34753368001256
Total loss 18.598904734868377
Total loss 20.8148235452933
Epoch: 900
One test loss: 1.0292601486599229
[9.92505789e-01 9.87043858e-01 8.21107593e-30 4.46619133e-08
 0.00000000e+00 4.97146866e-05 0.00000000e+00 2.05715750e-07
 9.72543262e-07 1.06706856e-29 2.96708936e-06 0.00000000e+00
 0.00000000e+00 5.40962815e-03 0.00000000e+00 0.00000000e+00
 1.92508101e-03 0.00000000e+00 0.00000000e+00 0.00000000e+00
 1.28883123e-03 0.00000000e+00 1.09602443e-05 1.80860661e-06
 6.96586794e-05 1.58873830e-15 0.00000000e+00 0.00000000e+00
 4.62728531e-05 2.22518781e-18 1.78411938e-06 2.19703853e-28
 2.44860512e-24 0.00000000e+00 0.00000000e+00 2.94913288e-10
 1.93233990e-26 1.29507816e-05 3.51658881e-01 7.40573406e-02
 5.20954013e-01 2.34566927e-02 5.29572368e-03 1.11185014e-02
 3.96947108e-35 2.71283511e-06 0.00000000e+00 0.00000000e+00
 1.22376978e-02 1.03974342e-03 0.00000000e+00 1.67608261e-04]
Total loss 14.067883939297035
Total loss 19.14600765345024
Total loss 20.580968018371706
Total loss 18.88923853028985
Total loss 16.757383381101903
Total loss 14.64636673591402
Total loss 13.562919592305253
Total loss 15.658534330246535
Total loss 15.279358074763831
Total loss 17.520409274186395
Epoch: 910
Total loss 23.220788214874243
Total loss 17.74125827451297
Total loss 15.604365357988058
Total loss 16.455179491691666
Total loss 23.55992345170581
Total loss 16.405937470870615
Total loss 18.220735653649456
Total loss 22.09138072354903
Total loss 17.764874418650336
Total loss 21.65928261627325
Epoch: 920
Total loss 18.61923215060153
Total loss 13.16968383174028
Total loss 19.814501748186586
Total loss 18.059151313838555
Total loss 20.668638258722517
Total loss 19.096309864688703
Total loss 25.35888467890295
Total loss 16.445215955688013
Total loss 18.25953748564757
Total loss 20.29782909389058
Epoch: 930
Total loss 13.528625842033854
Total loss 19.68027969188077
Total loss 19.60419044425095
Total loss 18.360667575179686
Total loss 21.88158830837957
Total loss 20.267764327936835
Total loss 21.076076867133448
Total loss 15.630150645187655
Total loss 17.960042755232532
Total loss 18.196735444605853
Epoch: 940
Total loss 12.971185294206403
Total loss 20.190588394525616
Total loss 16.262855521332632
Total loss 20.29064970690494
Total loss 18.55433608858518
Total loss 16.887212596446652
Total loss 18.541419789018953
Total loss 18.942619665673103
Total loss 20.999043739099587
Total loss 16.714679748559625
Epoch: 950
One test loss: 1.1511128228621934
[9.79239225e-01 9.92169082e-01 1.47341841e-29 9.46396206e-09
 0.00000000e+00 4.25632279e-05 0.00000000e+00 4.05802723e-07
 3.83425544e-07 2.70771637e-29 2.70959549e-06 0.00000000e+00
 0.00000000e+00 5.73429465e-03 0.00000000e+00 0.00000000e+00
 1.67480111e-03 0.00000000e+00 0.00000000e+00 0.00000000e+00
 1.12503767e-03 0.00000000e+00 1.08454124e-05 7.46736475e-07
 6.97751675e-05 1.83503964e-17 0.00000000e+00 0.00000000e+00
 5.22821174e-05 2.31179759e-20 1.05242725e-05 4.34982322e-29
 4.47293895e-25 0.00000000e+00 0.00000000e+00 3.29652167e-10
 1.44275139e-27 1.13953074e-05 5.07231236e-01 1.30144686e-01
 4.08520103e-01 3.01695168e-02 3.59469652e-03 1.32967532e-02
 6.77298039e-37 1.31342495e-06 0.00000000e+00 0.00000000e+00
 1.97332799e-02 1.00541115e-03 0.00000000e+00 8.83616012e-05]
Total loss 19.271346865036694
Total loss 20.639634065472237
Total loss 18.410941272390044
Total loss 13.399007423973964
Total loss 16.536659436178844
Total loss 13.418959116217266
Total loss 17.695728003332658
Total loss 20.81034535701171
Total loss 18.4368458862703
Total loss 12.38808383976034
Epoch: 960
Total loss 15.271962629193467
Total loss 11.355255578039436
Total loss 18.115037713779653
Total loss 19.642753993339205
Total loss 13.49765217153862
Total loss 16.266693774328175
Total loss 21.77412349499751
Total loss 21.859801351664792
Total loss 19.33000313060838
Total loss 15.994208993759287
Epoch: 970
Total loss 20.261179717814787
Total loss 18.457006314617225
Total loss 21.548673767277446
Total loss 15.457881009200397
Total loss 20.492524836013743
Total loss 20.8817575113507
Total loss 19.230814366558732
Total loss 15.505965826250197
Total loss 24.665705418862597
Total loss 14.658294192857012
Epoch: 980
Total loss 15.982310670575297
Total loss 18.62058503344853
Total loss 21.314463589728085
Total loss 20.067274667585856
Total loss 14.820087609308114
Total loss 14.76060889241869
Total loss 14.61503059807285
Total loss 17.744078795283627
Total loss 17.211523141926417
Total loss 18.028967677392814
Epoch: 990
Total loss 13.839501888523426
Total loss 19.49340267403042
Total loss 14.491330482802976
Total loss 20.862564005147746
Total loss 26.116175317688764
Total loss 16.711172766260262
Total loss 13.624734187464842
Total loss 17.99651980263129
Total loss 15.961802219160653
Total loss 16.829127386229285
Finished training!
